TN:
SF:src/controller.js
FN:15,(anonymous_0)
FN:25,(anonymous_1)
FN:35,(anonymous_2)
FN:45,(anonymous_3)
FN:55,(anonymous_4)
FN:65,(anonymous_5)
FNF:6
FNH:6
FNDA:5,(anonymous_0)
FNDA:1,(anonymous_1)
FNDA:1,(anonymous_2)
FNDA:1,(anonymous_3)
FNDA:1,(anonymous_4)
FNDA:1,(anonymous_5)
DA:16,5
DA:17,5
DA:26,1
DA:27,1
DA:36,1
DA:37,1
DA:46,1
DA:47,1
DA:56,1
DA:57,1
DA:66,1
DA:67,1
LF:12
LH:12
BRF:0
BRH:0
end_of_record
TN:
SF:src/models.js
FN:40,(anonymous_0)
FN:52,(anonymous_1)
FN:60,(anonymous_2)
FN:68,(anonymous_3)
FN:76,(anonymous_4)
FN:84,(anonymous_5)
FN:92,(anonymous_6)
FN:100,(anonymous_7)
FN:108,(anonymous_8)
FN:116,(anonymous_9)
FN:124,(anonymous_10)
FNF:11
FNH:4
FNDA:9,(anonymous_0)
FNDA:0,(anonymous_1)
FNDA:0,(anonymous_2)
FNDA:0,(anonymous_3)
FNDA:0,(anonymous_4)
FNDA:1,(anonymous_5)
FNDA:0,(anonymous_6)
FNDA:1,(anonymous_7)
FNDA:0,(anonymous_8)
FNDA:1,(anonymous_9)
FNDA:0,(anonymous_10)
DA:41,9
DA:42,9
DA:43,9
DA:44,9
DA:45,9
DA:53,0
DA:61,0
DA:69,0
DA:77,0
DA:85,1
DA:93,0
DA:101,1
DA:109,0
DA:117,1
DA:125,0
LF:15
LH:8
BRF:0
BRH:0
end_of_record
TN:
SF:src/repository.js
FN:10,(anonymous_0)
FN:18,(anonymous_1)
FN:38,(anonymous_2)
FN:46,(anonymous_3)
FN:52,(anonymous_4)
FN:56,(anonymous_5)
FNF:6
FNH:0
FNDA:0,(anonymous_0)
FNDA:0,(anonymous_1)
FNDA:0,(anonymous_2)
FNDA:0,(anonymous_3)
FNDA:0,(anonymous_4)
FNDA:0,(anonymous_5)
DA:11,0
DA:29,0
DA:30,0
DA:39,0
DA:47,0
DA:48,0
DA:53,0
DA:57,0
LF:8
LH:0
BRF:0
BRH:0
end_of_record
TN:
SF:src/serializer.js
FN:9,(anonymous_0)
FN:18,(anonymous_1)
FNF:2
FNH:0
FNDA:0,(anonymous_0)
FNDA:0,(anonymous_1)
DA:10,0
DA:19,0
LF:2
LH:0
BRF:0
BRH:0
end_of_record
TN:
SF:src/services.js
FN:16,(anonymous_0)
FN:24,(anonymous_1)
FN:32,(anonymous_2)
FN:35,(anonymous_3)
FN:39,extracted
FN:40,(anonymous_5)
FN:52,(anonymous_6)
FN:55,(anonymous_7)
FN:59,getLast
FN:70,(anonymous_9)
FN:73,dateDiffInDays
FN:81,(anonymous_11)
FN:93,(anonymous_12)
FN:103,(anonymous_13)
FN:105,(anonymous_14)
FN:116,(anonymous_15)
FN:125,(anonymous_16)
FN:132,(anonymous_17)
FNF:18
FNH:9
FNDA:4,(anonymous_0)
FNDA:3,(anonymous_1)
FNDA:1,(anonymous_2)
FNDA:3,(anonymous_3)
FNDA:1,extracted
FNDA:3,(anonymous_5)
FNDA:1,(anonymous_6)
FNDA:3,(anonymous_7)
FNDA:1,getLast
FNDA:0,(anonymous_9)
FNDA:0,dateDiffInDays
FNDA:0,(anonymous_11)
FNDA:0,(anonymous_12)
FNDA:0,(anonymous_13)
FNDA:0,(anonymous_14)
FNDA:0,(anonymous_15)
FNDA:0,(anonymous_16)
FNDA:0,(anonymous_17)
DA:17,4
DA:25,3
DA:33,1
DA:34,1
DA:35,1
DA:36,3
DA:40,1
DA:41,3
DA:45,1
DA:53,1
DA:54,1
DA:55,1
DA:56,3
DA:60,1
DA:63,1
DA:71,0
DA:74,0
DA:75,0
DA:77,0
DA:80,0
DA:81,0
DA:82,0
DA:83,0
DA:84,0
DA:85,0
DA:94,0
DA:104,0
DA:105,0
DA:106,0
DA:117,0
DA:133,0
DA:134,0
LF:32
LH:15
BRDA:106,0,0,0
BRDA:106,0,1,0
BRF:2
BRH:0
end_of_record
